<?xml version="1.0" encoding="UTF-8"?>
<!-- Generated by org.testng.reporters.JUnitXMLReporter -->
<testsuite ignored="4" hostname="LAPTOP-ABS223QL" failures="0" tests="2" name="Test2" time="0.031" errors="0" timestamp="2022-06-20T15:00:44 IST">
  <testcase classname="com.crm.comcast.genericUtlilty.BaseClass" name="@BeforeClass beforeclass" time="-1.655717444718E9">
    <failure type="org.testng.TestNGException" message="
Parameter &amp;apos;Browser&amp;apos; is required by BeforeClass on method beforeclass but has not been marked @Optional or defined
in C:\Users\Pooja Vikas\eclipse-workspace\com.crm.comcastVtigerapp\eclipse-workspace\paralletestng.xml">
      <![CDATA[org.testng.TestNGException: 
Parameter 'Browser' is required by BeforeClass on method beforeclass but has not been marked @Optional or defined
in C:\Users\Pooja Vikas\eclipse-workspace\com.crm.comcastVtigerapp\eclipse-workspace\paralletestng.xml
at java.base/java.util.ArrayList.forEach(ArrayList.java:1511)
at java.base/java.util.concurrent.FutureTask.run(FutureTask.java:264)
at java.base/java.util.concurrent.ThreadPoolExecutor.runWorker(ThreadPoolExecutor.java:1136)
at java.base/java.util.concurrent.ThreadPoolExecutor$Worker.run(ThreadPoolExecutor.java:635)
at java.base/java.lang.Thread.run(Thread.java:833)
... Removed 13 stack frames]]>
    </failure>
  </testcase> <!-- @BeforeClass beforeclass -->
  <testcase classname="com.crm.comcast.genericUtlilty.BaseClass" name="@BeforeMethod beforemethod" time="-1.655717444723E9">
    <skipped/>
  </testcase> <!-- @BeforeMethod beforemethod -->
  <testcase classname="com.crm.comcast.genericUtlilty.BaseClass" name="@AfterMethod aftermethod" time="-1.655717444729E9">
    <skipped/>
  </testcase> <!-- @AfterMethod aftermethod -->
  <testcase classname="com.crm.comcast.genericUtlilty.BaseClass" name="@AfterClass afterclass" time="-1.655717444731E9">
    <skipped/>
  </testcase> <!-- @AfterClass afterclass -->
  <testcase classname="com.crm.comcast.genericUtlilty.BaseClass" name="@BeforeClass beforeclass" time="-1.655717444733E9">
    <failure type="org.testng.TestNGException" message="
Parameter &amp;apos;Browser&amp;apos; is required by BeforeClass on method beforeclass but has not been marked @Optional or defined
in C:\Users\Pooja Vikas\eclipse-workspace\com.crm.comcastVtigerapp\eclipse-workspace\paralletestng.xml">
      <![CDATA[org.testng.TestNGException: 
Parameter 'Browser' is required by BeforeClass on method beforeclass but has not been marked @Optional or defined
in C:\Users\Pooja Vikas\eclipse-workspace\com.crm.comcastVtigerapp\eclipse-workspace\paralletestng.xml
at java.base/java.util.ArrayList.forEach(ArrayList.java:1511)
at java.base/java.util.concurrent.FutureTask.run(FutureTask.java:264)
at java.base/java.util.concurrent.ThreadPoolExecutor.runWorker(ThreadPoolExecutor.java:1136)
at java.base/java.util.concurrent.ThreadPoolExecutor$Worker.run(ThreadPoolExecutor.java:635)
at java.base/java.lang.Thread.run(Thread.java:833)
... Removed 13 stack frames]]>
    </failure>
  </testcase> <!-- @BeforeClass beforeclass -->
  <testcase classname="com.crm.comcast.genericUtlilty.BaseClass" name="@BeforeMethod beforemethod" time="-1.655717444736E9">
    <skipped/>
  </testcase> <!-- @BeforeMethod beforemethod -->
  <testcase classname="com.crm.comcast.genericUtlilty.BaseClass" name="@AfterMethod aftermethod" time="-1.65571744474E9">
    <skipped/>
  </testcase> <!-- @AfterMethod aftermethod -->
  <testcase classname="com.crm.comcast.genericUtlilty.BaseClass" name="@AfterClass afterclass" time="-1.655717444743E9">
    <skipped/>
  </testcase> <!-- @AfterClass afterclass -->
  <testcase classname="com.crm.comcast.contactTest.DeleteContactTest" name="deletecontactTest" time="0.0">
    <skipped/>
  </testcase> <!-- deletecontactTest -->
  <testcase classname="com.crm.comcast.contactTest.CreateContactTest" name="createcontactTest" time="0.0">
    <skipped/>
  </testcase> <!-- createcontactTest -->
  <testcase classname="com.crm.comcast.genericUtlilty.BaseClass" name="@BeforeTest beforetest" time="0.0">
    <ignored/>
  </testcase> <!-- @BeforeTest beforetest -->
  <testcase classname="com.crm.comcast.genericUtlilty.BaseClass" name="@AfterTest aftersuite" time="0.0">
    <ignored/>
  </testcase> <!-- @AfterTest aftersuite -->
  <testcase classname="com.crm.comcast.genericUtlilty.BaseClass" name="@AfterSuite aftermethod1" time="0.0">
    <ignored/>
  </testcase> <!-- @AfterSuite aftermethod1 -->
  <testcase classname="com.crm.comcast.genericUtlilty.BaseClass" name="@BeforeSuite beforesuite" time="0.0">
    <ignored/>
  </testcase> <!-- @BeforeSuite beforesuite -->
</testsuite> <!-- Test2 -->
