<?xml version="1.0" encoding="UTF-8"?>
<!-- Generated by org.testng.reporters.JUnitReportReporter -->
<testsuite hostname="LAPTOP-ABS223QL" failures="0" tests="2" name="com.crm.comcast.contactTest.DeleteContactTest" time="-1655717504.000" errors="1" timestamp="2022-06-20T15:00:44 IST" skipped="1">
  <testcase classname="com.crm.comcast.contactTest.DeleteContactTest" name="deletecontactTest" time="0.000">
    <skipped/>
  </testcase> <!-- deletecontactTest -->
  <system-out/>
  <testcase classname="com.crm.comcast.contactTest.DeleteContactTest" name="beforeclass" time="-1655717504.000">
    <error message="
Parameter &#039;Browser&#039; is required by BeforeClass on method beforeclass but has not been marked @Optional or defined
in C:\Users\Pooja Vikas\eclipse-workspace\com.crm.comcastVtigerapp\eclipse-workspace\paralletestng.xml" type="org.testng.TestNGException">
      <![CDATA[org.testng.TestNGException: 
Parameter 'Browser' is required by BeforeClass on method beforeclass but has not been marked @Optional or defined
in C:\Users\Pooja Vikas\eclipse-workspace\com.crm.comcastVtigerapp\eclipse-workspace\paralletestng.xml
at org.testng.internal.Parameters.createParams(Parameters.java:270)
at org.testng.internal.Parameters.createParametersForMethod(Parameters.java:358)
at org.testng.internal.Parameters.createParameters(Parameters.java:700)
at org.testng.internal.Parameters.createConfigurationParameters(Parameters.java:168)
at org.testng.internal.ConfigInvoker.invokeConfigurations(ConfigInvoker.java:302)
at org.testng.internal.TestMethodWorker.invokeBeforeClassMethods(TestMethodWorker.java:176)
at org.testng.internal.TestMethodWorker.run(TestMethodWorker.java:122)
at java.base/java.util.ArrayList.forEach(ArrayList.java:1511)
at org.testng.TestRunner.privateRun(TestRunner.java:794)
at org.testng.TestRunner.run(TestRunner.java:596)
at org.testng.SuiteRunner.runTest(SuiteRunner.java:377)
at org.testng.SuiteRunner.access$000(SuiteRunner.java:28)
at org.testng.SuiteRunner$SuiteWorker.run(SuiteRunner.java:418)
at org.testng.internal.thread.ThreadUtil.lambda$execute$0(ThreadUtil.java:64)
at java.base/java.util.concurrent.FutureTask.run(FutureTask.java:264)
at java.base/java.util.concurrent.ThreadPoolExecutor.runWorker(ThreadPoolExecutor.java:1136)
at java.base/java.util.concurrent.ThreadPoolExecutor$Worker.run(ThreadPoolExecutor.java:635)
at java.base/java.lang.Thread.run(Thread.java:833)
]]>
    </error>
  </testcase> <!-- beforeclass -->
  <system-out/>
</testsuite> <!-- com.crm.comcast.contactTest.DeleteContactTest -->
